# JRE version: OpenJDK Runtime Environment Temurin-21.0.8+9 (21.0.8+9) (build 21.0.8+9-LTS)
# Java VM: OpenJDK 64-Bit Server VM Temurin-21.0.8+9 (21.0.8+9-LTS, mixed mode, sharing, tiered, compressed oops, compressed class ptrs, parallel gc, windows-amd64)
GC Precious Log:
 CardTable entry size: 512
 CPUs: 4 total, 4 available
 Memory: 7934M
 Large Page Support: Disabled
 NUMA Support: Disabled
 Compressed Oops: Enabled (32-bit)
 Alignments: Space 512K, Generation 512K, Heap 2M
 Heap Min Capacity: 100M
 Heap Initial Capacity: 100M
 Heap Max Capacity: 2G
 Pre-touch: Disabled
 Parallel Workers: 4
Heap:
 PSYoungGen      total 19968K, used 16986K [0x00000000d5580000, 0x00000000d6c80000, 0x0000000100000000)
  eden space 18944K, 84% used [0x00000000d5580000,0x00000000d651ea38,0x00000000d6800000)
  from space 1024K, 96% used [0x00000000d6800000,0x00000000d68f8000,0x00000000d6900000)
  to   space 2048K, 0% used [0x00000000d6a80000,0x00000000d6a80000,0x00000000d6c80000)
 ParOldGen       total 68608K, used 34411K [0x0000000080000000, 0x0000000084300000, 0x00000000d5580000)
  object space 68608K, 50% used [0x0000000080000000,0x000000008219ae48,0x0000000084300000)
 Metaspace       used 43808K, committed 44864K, reserved 1114112K
  class space    used 4356K, committed 4800K, reserved 1048576K
GC Heap History (20 events):
Event: 6.955 GC heap before
{Heap before GC invocations=18 (full 1):
 PSYoungGen      total 24064K, used 23905K [0x00000000d5580000, 0x00000000d6f80000, 0x0000000100000000)
  eden space 22016K, 99% used [0x00000000d5580000,0x00000000d6af8428,0x00000000d6b00000)
  from space 2048K, 93% used [0x00000000d6d80000,0x00000000d6f60000,0x00000000d6f80000)
  to   space 2048K, 0% used [0x00000000d6b80000,0x00000000d6b80000,0x00000000d6d80000)
 ParOldGen       total 68608K, used 26081K [0x0000000080000000, 0x0000000084300000, 0x00000000d5580000)
  object space 68608K, 38% used [0x0000000080000000,0x0000000081978618,0x0000000084300000)
 Metaspace       used 34796K, committed 35712K, reserved 1114112K
  class space    used 3525K, committed 3968K, reserved 1048576K
}
Event: 6.958 GC heap after
{Heap after GC invocations=18 (full 1):
 PSYoungGen      total 23552K, used 1140K [0x00000000d5580000, 0x00000000d6e00000, 0x0000000100000000)
  eden space 22016K, 0% used [0x00000000d5580000,0x00000000d5580000,0x00000000d6b00000)
  from space 1536K, 74% used [0x00000000d6b80000,0x00000000d6c9d3c8,0x00000000d6d00000)
  to   space 1024K, 0% used [0x00000000d6d00000,0x00000000d6d00000,0x00000000d6e00000)
 ParOldGen       total 68608K, used 27946K [0x0000000080000000, 0x0000000084300000, 0x00000000d5580000)
  object space 68608K, 40% used [0x0000000080000000,0x0000000081b4a818,0x0000000084300000)
 Metaspace       used 34796K, committed 35712K, reserved 1114112K
  class space    used 3525K, committed 3968K, reserved 1048576K
}
Event: 7.312 GC heap before
{Heap before GC invocations=19 (full 1):
 PSYoungGen      total 23552K, used 8482K [0x00000000d5580000, 0x00000000d6e00000, 0x0000000100000000)
  eden space 22016K, 33% used [0x00000000d5580000,0x00000000d5cab648,0x00000000d6b00000)
  from space 1536K, 74% used [0x00000000d6b80000,0x00000000d6c9d3c8,0x00000000d6d00000)
  to   space 1024K, 0% used [0x00000000d6d00000,0x00000000d6d00000,0x00000000d6e00000)
 ParOldGen       total 68608K, used 27946K [0x0000000080000000, 0x0000000084300000, 0x00000000d5580000)
  object space 68608K, 40% used [0x0000000080000000,0x0000000081b4a818,0x0000000084300000)
 Metaspace       used 34978K, committed 35840K, reserved 1114112K
  class space    used 3566K, committed 3968K, reserved 1048576K
}
Event: 7.315 GC heap after
{Heap after GC invocations=19 (full 1):
 PSYoungGen      total 22528K, used 192K [0x00000000d5580000, 0x00000000d6d80000, 0x0000000100000000)
  eden space 22016K, 0% used [0x00000000d5580000,0x00000000d5580000,0x00000000d6b00000)
  from space 512K, 37% used [0x00000000d6d00000,0x00000000d6d30000,0x00000000d6d80000)
  to   space 1024K, 0% used [0x00000000d6b80000,0x00000000d6b80000,0x00000000d6c80000)
 ParOldGen       total 68608K, used 29013K [0x0000000080000000, 0x0000000084300000, 0x00000000d5580000)
  object space 68608K, 42% used [0x0000000080000000,0x0000000081c55478,0x0000000084300000)
 Metaspace       used 34978K, committed 35840K, reserved 1114112K
  class space    used 3566K, committed 3968K, reserved 1048576K
}
Event: 7.315 GC heap before
{Heap before GC invocations=20 (full 2):
 PSYoungGen      total 22528K, used 192K [0x00000000d5580000, 0x00000000d6d80000, 0x0000000100000000)
  eden space 22016K, 0% used [0x00000000d5580000,0x00000000d5580000,0x00000000d6b00000)
  from space 512K, 37% used [0x00000000d6d00000,0x00000000d6d30000,0x00000000d6d80000)
  to   space 1024K, 0% used [0x00000000d6b80000,0x00000000d6b80000,0x00000000d6c80000)
 ParOldGen       total 68608K, used 29013K [0x0000000080000000, 0x0000000084300000, 0x00000000d5580000)
  object space 68608K, 42% used [0x0000000080000000,0x0000000081c55478,0x0000000084300000)
 Metaspace       used 34978K, committed 35840K, reserved 1114112K
  class space    used 3566K, committed 3968K, reserved 1048576K
}
Event: 7.379 GC heap after
{Heap after GC invocations=20 (full 2):
 PSYoungGen      total 22528K, used 0K [0x00000000d5580000, 0x00000000d6d80000, 0x0000000100000000)
  eden space 22016K, 0% used [0x00000000d5580000,0x00000000d5580000,0x00000000d6b00000)
  from space 512K, 0% used [0x00000000d6d00000,0x00000000d6d00000,0x00000000d6d80000)
  to   space 1024K, 0% used [0x00000000d6b80000,0x00000000d6b80000,0x00000000d6c80000)
 ParOldGen       total 68608K, used 28031K [0x0000000080000000, 0x0000000084300000, 0x00000000d5580000)
  object space 68608K, 40% used [0x0000000080000000,0x0000000081b5ff80,0x0000000084300000)
 Metaspace       used 34951K, committed 35840K, reserved 1114112K
  class space    used 3558K, committed 3968K, reserved 1048576K
}
Event: 7.844 GC heap before
{Heap before GC invocations=21 (full 2):
 PSYoungGen      total 22528K, used 21901K [0x00000000d5580000, 0x00000000d6d80000, 0x0000000100000000)
  eden space 22016K, 99% used [0x00000000d5580000,0x00000000d6ae34f8,0x00000000d6b00000)
  from space 512K, 0% used [0x00000000d6d00000,0x00000000d6d00000,0x00000000d6d80000)
  to   space 1024K, 0% used [0x00000000d6b80000,0x00000000d6b80000,0x00000000d6c80000)
 ParOldGen       total 68608K, used 28031K [0x0000000080000000, 0x0000000084300000, 0x00000000d5580000)
  object space 68608K, 40% used [0x0000000080000000,0x0000000081b5ff80,0x0000000084300000)
 Metaspace       used 36592K, committed 37568K, reserved 1114112K
  class space    used 3702K, committed 4160K, reserved 1048576K
}
Event: 7.846 GC heap after
{Heap after GC invocations=21 (full 2):
 PSYoungGen      total 23040K, used 1019K [0x00000000d5580000, 0x00000000d6f00000, 0x0000000100000000)
  eden space 22016K, 0% used [0x00000000d5580000,0x00000000d5580000,0x00000000d6b00000)
  from space 1024K, 99% used [0x00000000d6b80000,0x00000000d6c7eca0,0x00000000d6c80000)
  to   space 2048K, 0% used [0x00000000d6d00000,0x00000000d6d00000,0x00000000d6f00000)
 ParOldGen       total 68608K, used 28402K [0x0000000080000000, 0x0000000084300000, 0x00000000d5580000)
  object space 68608K, 41% used [0x0000000080000000,0x0000000081bbcb70,0x0000000084300000)
 Metaspace       used 36592K, committed 37568K, reserved 1114112K
  class space    used 3702K, committed 4160K, reserved 1048576K
}
Event: 7.942 GC heap before
{Heap before GC invocations=22 (full 2):
 PSYoungGen      total 23040K, used 22931K [0x00000000d5580000, 0x00000000d6f00000, 0x0000000100000000)
  eden space 22016K, 99% used [0x00000000d5580000,0x00000000d6ae61d8,0x00000000d6b00000)
  from space 1024K, 99% used [0x00000000d6b80000,0x00000000d6c7eca0,0x00000000d6c80000)
  to   space 2048K, 0% used [0x00000000d6d00000,0x00000000d6d00000,0x00000000d6f00000)
 ParOldGen       total 68608K, used 28402K [0x0000000080000000, 0x0000000084300000, 0x00000000d5580000)
  object space 68608K, 41% used [0x0000000080000000,0x0000000081bbcb70,0x0000000084300000)
 Metaspace       used 36624K, committed 37568K, reserved 1114112K
  class space    used 3702K, committed 4160K, reserved 1048576K
}
Event: 7.944 GC heap after
{Heap after GC invocations=22 (full 2):
 PSYoungGen      total 23040K, used 937K [0x00000000d5580000, 0x00000000d6e00000, 0x0000000100000000)
  eden space 22016K, 0% used [0x00000000d5580000,0x00000000d5580000,0x00000000d6b00000)
  from space 1024K, 91% used [0x00000000d6d00000,0x00000000d6dea788,0x00000000d6e00000)
  to   space 1536K, 0% used [0x00000000d6b00000,0x00000000d6b00000,0x00000000d6c80000)
 ParOldGen       total 68608K, used 29168K [0x0000000080000000, 0x0000000084300000, 0x00000000d5580000)
  object space 68608K, 42% used [0x0000000080000000,0x0000000081c7c260,0x0000000084300000)
 Metaspace       used 36624K, committed 37568K, reserved 1114112K
  class space    used 3702K, committed 4160K, reserved 1048576K
}
Event: 8.135 GC heap before
{Heap before GC invocations=23 (full 2):
 PSYoungGen      total 23040K, used 22953K [0x00000000d5580000, 0x00000000d6e00000, 0x0000000100000000)
  eden space 22016K, 100% used [0x00000000d5580000,0x00000000d6b00000,0x00000000d6b00000)
  from space 1024K, 91% used [0x00000000d6d00000,0x00000000d6dea788,0x00000000d6e00000)
  to   space 1536K, 0% used [0x00000000d6b00000,0x00000000d6b00000,0x00000000d6c80000)
 ParOldGen       total 68608K, used 29168K [0x0000000080000000, 0x0000000084300000, 0x00000000d5580000)
  object space 68608K, 42% used [0x0000000080000000,0x0000000081c7c260,0x0000000084300000)
 Metaspace       used 38360K, committed 39232K, reserved 1114112K
  class space    used 3880K, committed 4288K, reserved 1048576K
}
Event: 8.137 GC heap after
{Heap after GC invocations=23 (full 2):
 PSYoungGen      total 23552K, used 541K [0x00000000d5580000, 0x00000000d6d80000, 0x0000000100000000)
  eden space 22016K, 0% used [0x00000000d5580000,0x00000000d5580000,0x00000000d6b00000)
  from space 1536K, 35% used [0x00000000d6b00000,0x00000000d6b875e0,0x00000000d6c80000)
  to   space 1024K, 0% used [0x00000000d6c80000,0x00000000d6c80000,0x00000000d6d80000)
 ParOldGen       total 68608K, used 29192K [0x0000000080000000, 0x0000000084300000, 0x00000000d5580000)
  object space 68608K, 42% used [0x0000000080000000,0x0000000081c82260,0x0000000084300000)
 Metaspace       used 38360K, committed 39232K, reserved 1114112K
  class space    used 3880K, committed 4288K, reserved 1048576K
}
Event: 10.164 GC heap before
{Heap before GC invocations=24 (full 2):
 PSYoungGen      total 23552K, used 22557K [0x00000000d5580000, 0x00000000d6d80000, 0x0000000100000000)
  eden space 22016K, 100% used [0x00000000d5580000,0x00000000d6b00000,0x00000000d6b00000)
  from space 1536K, 35% used [0x00000000d6b00000,0x00000000d6b875e0,0x00000000d6c80000)
  to   space 1024K, 0% used [0x00000000d6c80000,0x00000000d6c80000,0x00000000d6d80000)
 ParOldGen       total 68608K, used 29192K [0x0000000080000000, 0x0000000084300000, 0x00000000d5580000)
  object space 68608K, 42% used [0x0000000080000000,0x0000000081c82260,0x0000000084300000)
 Metaspace       used 40771K, committed 41792K, reserved 1114112K
  class space    used 4098K, committed 4544K, reserved 1048576K
}
Event: 10.167 GC heap after
{Heap after GC invocations=24 (full 2):
 PSYoungGen      total 22016K, used 992K [0x00000000d5580000, 0x00000000d7000000, 0x0000000100000000)
  eden space 20992K, 0% used [0x00000000d5580000,0x00000000d5580000,0x00000000d6a00000)
  from space 1024K, 96% used [0x00000000d6c80000,0x00000000d6d78030,0x00000000d6d80000)
  to   space 2560K, 0% used [0x00000000d6a00000,0x00000000d6a00000,0x00000000d6c80000)
 ParOldGen       total 68608K, used 30122K [0x0000000080000000, 0x0000000084300000, 0x00000000d5580000)
  object space 68608K, 43% used [0x0000000080000000,0x0000000081d6a9d8,0x0000000084300000)
 Metaspace       used 40771K, committed 41792K, reserved 1114112K
  class space    used 4098K, committed 4544K, reserved 1048576K
}
Event: 10.818 GC heap before
{Heap before GC invocations=25 (full 2):
 PSYoungGen      total 22016K, used 21984K [0x00000000d5580000, 0x00000000d7000000, 0x0000000100000000)
  eden space 20992K, 100% used [0x00000000d5580000,0x00000000d6a00000,0x00000000d6a00000)
  from space 1024K, 96% used [0x00000000d6c80000,0x00000000d6d78030,0x00000000d6d80000)
  to   space 2560K, 0% used [0x00000000d6a00000,0x00000000d6a00000,0x00000000d6c80000)
 ParOldGen       total 68608K, used 30122K [0x0000000080000000, 0x0000000084300000, 0x00000000d5580000)
  object space 68608K, 43% used [0x0000000080000000,0x0000000081d6a9d8,0x0000000084300000)
 Metaspace       used 41486K, committed 42432K, reserved 1114112K
  class space    used 4164K, committed 4608K, reserved 1048576K
}
Event: 10.821 GC heap after
{Heap after GC invocations=25 (full 2):
 PSYoungGen      total 23040K, used 1583K [0x00000000d5580000, 0x00000000d6e00000, 0x0000000100000000)
  eden space 20992K, 0% used [0x00000000d5580000,0x00000000d5580000,0x00000000d6a00000)
  from space 2048K, 77% used [0x00000000d6a00000,0x00000000d6b8bec0,0x00000000d6c00000)
  to   space 2048K, 0% used [0x00000000d6c00000,0x00000000d6c00000,0x00000000d6e00000)
 ParOldGen       total 68608K, used 31008K [0x0000000080000000, 0x0000000084300000, 0x00000000d5580000)
  object space 68608K, 45% used [0x0000000080000000,0x0000000081e482e8,0x0000000084300000)
 Metaspace       used 41486K, committed 42432K, reserved 1114112K
  class space    used 4164K, committed 4608K, reserved 1048576K
}
Event: 11.270 GC heap before
{Heap before GC invocations=26 (full 2):
 PSYoungGen      total 23040K, used 22573K [0x00000000d5580000, 0x00000000d6e00000, 0x0000000100000000)
  eden space 20992K, 99% used [0x00000000d5580000,0x00000000d69ff910,0x00000000d6a00000)
  from space 2048K, 77% used [0x00000000d6a00000,0x00000000d6b8bec0,0x00000000d6c00000)
  to   space 2048K, 0% used [0x00000000d6c00000,0x00000000d6c00000,0x00000000d6e00000)
 ParOldGen       total 68608K, used 31008K [0x0000000080000000, 0x0000000084300000, 0x00000000d5580000)
  object space 68608K, 45% used [0x0000000080000000,0x0000000081e482e8,0x0000000084300000)
 Metaspace       used 42872K, committed 43968K, reserved 1114112K
  class space    used 4298K, committed 4736K, reserved 1048576K
}
Event: 11.273 GC heap after
{Heap after GC invocations=26 (full 2):
 PSYoungGen      total 20992K, used 2040K [0x00000000d5580000, 0x00000000d7200000, 0x0000000100000000)
  eden space 18944K, 0% used [0x00000000d5580000,0x00000000d5580000,0x00000000d6800000)
  from space 2048K, 99% used [0x00000000d6c00000,0x00000000d6dfe048,0x00000000d6e00000)
  to   space 4096K, 0% used [0x00000000d6800000,0x00000000d6800000,0x00000000d6c00000)
 ParOldGen       total 68608K, used 32459K [0x0000000080000000, 0x0000000084300000, 0x00000000d5580000)
  object space 68608K, 47% used [0x0000000080000000,0x0000000081fb2e30,0x0000000084300000)
 Metaspace       used 42872K, committed 43968K, reserved 1114112K
  class space    used 4298K, committed 4736K, reserved 1048576K
}
Event: 11.713 GC heap before
{Heap before GC invocations=27 (full 2):
 PSYoungGen      total 20992K, used 20984K [0x00000000d5580000, 0x00000000d7200000, 0x0000000100000000)
  eden space 18944K, 100% used [0x00000000d5580000,0x00000000d6800000,0x00000000d6800000)
  from space 2048K, 99% used [0x00000000d6c00000,0x00000000d6dfe048,0x00000000d6e00000)
  to   space 4096K, 0% used [0x00000000d6800000,0x00000000d6800000,0x00000000d6c00000)
 ParOldGen       total 68608K, used 32459K [0x0000000080000000, 0x0000000084300000, 0x00000000d5580000)
  object space 68608K, 47% used [0x0000000080000000,0x0000000081fb2e30,0x0000000084300000)
 Metaspace       used 43655K, committed 44672K, reserved 1114112K
  class space    used 4355K, committed 4800K, reserved 1048576K
}
Event: 11.715 GC heap after
{Heap after GC invocations=27 (full 2):
 PSYoungGen      total 19968K, used 992K [0x00000000d5580000, 0x00000000d6c80000, 0x0000000100000000)
  eden space 18944K, 0% used [0x00000000d5580000,0x00000000d5580000,0x00000000d6800000)
  from space 1024K, 96% used [0x00000000d6800000,0x00000000d68f8000,0x00000000d6900000)
  to   space 2048K, 0% used [0x00000000d6a80000,0x00000000d6a80000,0x00000000d6c80000)
 ParOldGen       total 68608K, used 34411K [0x0000000080000000, 0x0000000084300000, 0x00000000d5580000)
  object space 68608K, 50% used [0x0000000080000000,0x000000008219ae48,0x0000000084300000)
 Metaspace       used 43655K, committed 44672K, reserved 1114112K
  class space    used 4355K, committed 4800K, reserved 1048576K
}

