# JRE version: OpenJDK Runtime Environment Temurin-21.0.8+9 (21.0.8+9) (build 21.0.8+9-LTS)
# Java VM: OpenJDK 64-Bit Server VM Temurin-21.0.8+9 (21.0.8+9-LTS, mixed mode, sharing, tiered, compressed oops, compressed class ptrs, parallel gc, windows-amd64)
GC Precious Log:
 CardTable entry size: 512
 CPUs: 4 total, 4 available
 Memory: 7934M
 Large Page Support: Disabled
 NUMA Support: Disabled
 Compressed Oops: Enabled (32-bit)
 Alignments: Space 512K, Generation 512K, Heap 2M
 Heap Min Capacity: 100M
 Heap Initial Capacity: 100M
 Heap Max Capacity: 2G
 Pre-touch: Disabled
 Parallel Workers: 4
Heap:
 PSYoungGen      total 16896K, used 13930K [0x00000000d5580000, 0x00000000d6800000, 0x0000000100000000)
  eden space 16384K, 82% used [0x00000000d5580000,0x00000000d62c28d0,0x00000000d6580000)
  from space 512K, 68% used [0x00000000d6780000,0x00000000d67d8000,0x00000000d6800000)
  to   space 512K, 0% used [0x00000000d6700000,0x00000000d6700000,0x00000000d6780000)
 ParOldGen       total 68608K, used 47709K [0x0000000080000000, 0x0000000084300000, 0x00000000d5580000)
  object space 68608K, 69% used [0x0000000080000000,0x0000000082e974a8,0x0000000084300000)
 Metaspace       used 52932K, committed 54272K, reserved 1114112K
  class space    used 5752K, committed 6336K, reserved 1048576K
GC Heap History (20 events):
Event: 19.280 GC heap before
{Heap before GC invocations=23 (full 2):
 PSYoungGen      total 17920K, used 17752K [0x00000000d5580000, 0x00000000d6e00000, 0x0000000100000000)
  eden space 16384K, 100% used [0x00000000d5580000,0x00000000d6580000,0x00000000d6580000)
  from space 1536K, 89% used [0x00000000d6c80000,0x00000000d6dd61c8,0x00000000d6e00000)
  to   space 2048K, 0% used [0x00000000d6a00000,0x00000000d6a00000,0x00000000d6c00000)
 ParOldGen       total 68608K, used 33389K [0x0000000080000000, 0x0000000084300000, 0x00000000d5580000)
  object space 68608K, 48% used [0x0000000080000000,0x000000008209b788,0x0000000084300000)
 Metaspace       used 48495K, committed 49728K, reserved 1114112K
  class space    used 5271K, committed 5824K, reserved 1048576K
}
Event: 19.284 GC heap after
{Heap after GC invocations=23 (full 2):
 PSYoungGen      total 18432K, used 1728K [0x00000000d5580000, 0x00000000d6d00000, 0x0000000100000000)
  eden space 16384K, 0% used [0x00000000d5580000,0x00000000d5580000,0x00000000d6580000)
  from space 2048K, 84% used [0x00000000d6a00000,0x00000000d6bb0010,0x00000000d6c00000)
  to   space 1024K, 0% used [0x00000000d6c00000,0x00000000d6c00000,0x00000000d6d00000)
 ParOldGen       total 68608K, used 34669K [0x0000000080000000, 0x0000000084300000, 0x00000000d5580000)
  object space 68608K, 50% used [0x0000000080000000,0x00000000821db578,0x0000000084300000)
 Metaspace       used 48495K, committed 49728K, reserved 1114112K
  class space    used 5271K, committed 5824K, reserved 1048576K
}
Event: 19.664 GC heap before
{Heap before GC invocations=24 (full 2):
 PSYoungGen      total 18432K, used 18112K [0x00000000d5580000, 0x00000000d6d00000, 0x0000000100000000)
  eden space 16384K, 99% used [0x00000000d5580000,0x00000000d657fff0,0x00000000d6580000)
  from space 2048K, 84% used [0x00000000d6a00000,0x00000000d6bb0010,0x00000000d6c00000)
  to   space 1024K, 0% used [0x00000000d6c00000,0x00000000d6c00000,0x00000000d6d00000)
 ParOldGen       total 68608K, used 34669K [0x0000000080000000, 0x0000000084300000, 0x00000000d5580000)
  object space 68608K, 50% used [0x0000000080000000,0x00000000821db578,0x0000000084300000)
 Metaspace       used 48839K, committed 50176K, reserved 1114112K
  class space    used 5324K, committed 5888K, reserved 1048576K
}
Event: 19.668 GC heap after
{Heap after GC invocations=24 (full 2):
 PSYoungGen      total 17408K, used 1009K [0x00000000d5580000, 0x00000000d6d80000, 0x0000000100000000)
  eden space 16384K, 0% used [0x00000000d5580000,0x00000000d5580000,0x00000000d6580000)
  from space 1024K, 98% used [0x00000000d6c00000,0x00000000d6cfc400,0x00000000d6d00000)
  to   space 4096K, 0% used [0x00000000d6580000,0x00000000d6580000,0x00000000d6980000)
 ParOldGen       total 68608K, used 37117K [0x0000000080000000, 0x0000000084300000, 0x00000000d5580000)
  object space 68608K, 54% used [0x0000000080000000,0x000000008243f5a8,0x0000000084300000)
 Metaspace       used 48839K, committed 50176K, reserved 1114112K
  class space    used 5324K, committed 5888K, reserved 1048576K
}
Event: 19.865 GC heap before
{Heap before GC invocations=25 (full 2):
 PSYoungGen      total 17408K, used 17393K [0x00000000d5580000, 0x00000000d6d80000, 0x0000000100000000)
  eden space 16384K, 100% used [0x00000000d5580000,0x00000000d6580000,0x00000000d6580000)
  from space 1024K, 98% used [0x00000000d6c00000,0x00000000d6cfc400,0x00000000d6d00000)
  to   space 4096K, 0% used [0x00000000d6580000,0x00000000d6580000,0x00000000d6980000)
 ParOldGen       total 68608K, used 37117K [0x0000000080000000, 0x0000000084300000, 0x00000000d5580000)
  object space 68608K, 54% used [0x0000000080000000,0x000000008243f5a8,0x0000000084300000)
 Metaspace       used 48859K, committed 50176K, reserved 1114112K
  class space    used 5324K, committed 5888K, reserved 1048576K
}
Event: 19.870 GC heap after
{Heap after GC invocations=25 (full 2):
 PSYoungGen      total 20480K, used 2114K [0x00000000d5580000, 0x00000000d6c80000, 0x0000000100000000)
  eden space 16384K, 0% used [0x00000000d5580000,0x00000000d5580000,0x00000000d6580000)
  from space 4096K, 51% used [0x00000000d6580000,0x00000000d6790810,0x00000000d6980000)
  to   space 3072K, 0% used [0x00000000d6980000,0x00000000d6980000,0x00000000d6c80000)
 ParOldGen       total 68608K, used 38064K [0x0000000080000000, 0x0000000084300000, 0x00000000d5580000)
  object space 68608K, 55% used [0x0000000080000000,0x000000008252c278,0x0000000084300000)
 Metaspace       used 48859K, committed 50176K, reserved 1114112K
  class space    used 5324K, committed 5888K, reserved 1048576K
}
Event: 19.933 GC heap before
{Heap before GC invocations=26 (full 2):
 PSYoungGen      total 20480K, used 18498K [0x00000000d5580000, 0x00000000d6c80000, 0x0000000100000000)
  eden space 16384K, 100% used [0x00000000d5580000,0x00000000d6580000,0x00000000d6580000)
  from space 4096K, 51% used [0x00000000d6580000,0x00000000d6790810,0x00000000d6980000)
  to   space 3072K, 0% used [0x00000000d6980000,0x00000000d6980000,0x00000000d6c80000)
 ParOldGen       total 68608K, used 38064K [0x0000000080000000, 0x0000000084300000, 0x00000000d5580000)
  object space 68608K, 55% used [0x0000000080000000,0x000000008252c278,0x0000000084300000)
 Metaspace       used 48868K, committed 50176K, reserved 1114112K
  class space    used 5324K, committed 5888K, reserved 1048576K
}
Event: 19.937 GC heap after
{Heap after GC invocations=26 (full 2):
 PSYoungGen      total 18432K, used 1764K [0x00000000d5580000, 0x00000000d6b80000, 0x0000000100000000)
  eden space 16384K, 0% used [0x00000000d5580000,0x00000000d5580000,0x00000000d6580000)
  from space 2048K, 86% used [0x00000000d6980000,0x00000000d6b39000,0x00000000d6b80000)
  to   space 2048K, 0% used [0x00000000d6780000,0x00000000d6780000,0x00000000d6980000)
 ParOldGen       total 68608K, used 40023K [0x0000000080000000, 0x0000000084300000, 0x00000000d5580000)
  object space 68608K, 58% used [0x0000000080000000,0x0000000082715c38,0x0000000084300000)
 Metaspace       used 48868K, committed 50176K, reserved 1114112K
  class space    used 5324K, committed 5888K, reserved 1048576K
}
Event: 19.998 GC heap before
{Heap before GC invocations=27 (full 2):
 PSYoungGen      total 18432K, used 18148K [0x00000000d5580000, 0x00000000d6b80000, 0x0000000100000000)
  eden space 16384K, 100% used [0x00000000d5580000,0x00000000d6580000,0x00000000d6580000)
  from space 2048K, 86% used [0x00000000d6980000,0x00000000d6b39000,0x00000000d6b80000)
  to   space 2048K, 0% used [0x00000000d6780000,0x00000000d6780000,0x00000000d6980000)
 ParOldGen       total 68608K, used 40023K [0x0000000080000000, 0x0000000084300000, 0x00000000d5580000)
  object space 68608K, 58% used [0x0000000080000000,0x0000000082715c38,0x0000000084300000)
 Metaspace       used 48875K, committed 50176K, reserved 1114112K
  class space    used 5324K, committed 5888K, reserved 1048576K
}
Event: 20.001 GC heap after
{Heap after GC invocations=27 (full 2):
 PSYoungGen      total 18432K, used 1696K [0x00000000d5580000, 0x00000000d6a00000, 0x0000000100000000)
  eden space 16384K, 0% used [0x00000000d5580000,0x00000000d5580000,0x00000000d6580000)
  from space 2048K, 82% used [0x00000000d6780000,0x00000000d6928000,0x00000000d6980000)
  to   space 512K, 0% used [0x00000000d6980000,0x00000000d6980000,0x00000000d6a00000)
 ParOldGen       total 68608K, used 41724K [0x0000000080000000, 0x0000000084300000, 0x00000000d5580000)
  object space 68608K, 60% used [0x0000000080000000,0x00000000828bf260,0x0000000084300000)
 Metaspace       used 48875K, committed 50176K, reserved 1114112K
  class space    used 5324K, committed 5888K, reserved 1048576K
}
Event: 20.131 GC heap before
{Heap before GC invocations=28 (full 2):
 PSYoungGen      total 18432K, used 18080K [0x00000000d5580000, 0x00000000d6a00000, 0x0000000100000000)
  eden space 16384K, 100% used [0x00000000d5580000,0x00000000d6580000,0x00000000d6580000)
  from space 2048K, 82% used [0x00000000d6780000,0x00000000d6928000,0x00000000d6980000)
  to   space 512K, 0% used [0x00000000d6980000,0x00000000d6980000,0x00000000d6a00000)
 ParOldGen       total 68608K, used 41724K [0x0000000080000000, 0x0000000084300000, 0x00000000d5580000)
  object space 68608K, 60% used [0x0000000080000000,0x00000000828bf260,0x0000000084300000)
 Metaspace       used 48901K, committed 50240K, reserved 1114112K
  class space    used 5324K, committed 5888K, reserved 1048576K
}
Event: 20.135 GC heap after
{Heap after GC invocations=28 (full 2):
 PSYoungGen      total 16896K, used 512K [0x00000000d5580000, 0x00000000d6d80000, 0x0000000100000000)
  eden space 16384K, 0% used [0x00000000d5580000,0x00000000d5580000,0x00000000d6580000)
  from space 512K, 100% used [0x00000000d6980000,0x00000000d6a00000,0x00000000d6a00000)
  to   space 4096K, 0% used [0x00000000d6580000,0x00000000d6580000,0x00000000d6980000)
 ParOldGen       total 68608K, used 44636K [0x0000000080000000, 0x0000000084300000, 0x00000000d5580000)
  object space 68608K, 65% used [0x0000000080000000,0x0000000082b97270,0x0000000084300000)
 Metaspace       used 48901K, committed 50240K, reserved 1114112K
  class space    used 5324K, committed 5888K, reserved 1048576K
}
Event: 20.465 GC heap before
{Heap before GC invocations=29 (full 2):
 PSYoungGen      total 16896K, used 16896K [0x00000000d5580000, 0x00000000d6d80000, 0x0000000100000000)
  eden space 16384K, 100% used [0x00000000d5580000,0x00000000d6580000,0x00000000d6580000)
  from space 512K, 100% used [0x00000000d6980000,0x00000000d6a00000,0x00000000d6a00000)
  to   space 4096K, 0% used [0x00000000d6580000,0x00000000d6580000,0x00000000d6980000)
 ParOldGen       total 68608K, used 44636K [0x0000000080000000, 0x0000000084300000, 0x00000000d5580000)
  object space 68608K, 65% used [0x0000000080000000,0x0000000082b97270,0x0000000084300000)
 Metaspace       used 48914K, committed 50240K, reserved 1114112K
  class space    used 5324K, committed 5888K, reserved 1048576K
}
Event: 20.469 GC heap after
{Heap after GC invocations=29 (full 2):
 PSYoungGen      total 18432K, used 1624K [0x00000000d5580000, 0x00000000d6a80000, 0x0000000100000000)
  eden space 16384K, 0% used [0x00000000d5580000,0x00000000d5580000,0x00000000d6580000)
  from space 2048K, 79% used [0x00000000d6580000,0x00000000d6716200,0x00000000d6780000)
  to   space 2560K, 0% used [0x00000000d6800000,0x00000000d6800000,0x00000000d6a80000)
 ParOldGen       total 68608K, used 45164K [0x0000000080000000, 0x0000000084300000, 0x00000000d5580000)
  object space 68608K, 65% used [0x0000000080000000,0x0000000082c1b270,0x0000000084300000)
 Metaspace       used 48914K, committed 50240K, reserved 1114112K
  class space    used 5324K, committed 5888K, reserved 1048576K
}
Event: 21.118 GC heap before
{Heap before GC invocations=30 (full 2):
 PSYoungGen      total 18432K, used 18008K [0x00000000d5580000, 0x00000000d6a80000, 0x0000000100000000)
  eden space 16384K, 100% used [0x00000000d5580000,0x00000000d6580000,0x00000000d6580000)
  from space 2048K, 79% used [0x00000000d6580000,0x00000000d6716200,0x00000000d6780000)
  to   space 2560K, 0% used [0x00000000d6800000,0x00000000d6800000,0x00000000d6a80000)
 ParOldGen       total 68608K, used 45164K [0x0000000080000000, 0x0000000084300000, 0x00000000d5580000)
  object space 68608K, 65% used [0x0000000080000000,0x0000000082c1b270,0x0000000084300000)
 Metaspace       used 50910K, committed 52224K, reserved 1114112K
  class space    used 5549K, committed 6144K, reserved 1048576K
}
Event: 21.121 GC heap after
{Heap after GC invocations=30 (full 2):
 PSYoungGen      total 17408K, used 901K [0x00000000d5580000, 0x00000000d6900000, 0x0000000100000000)
  eden space 16384K, 0% used [0x00000000d5580000,0x00000000d5580000,0x00000000d6580000)
  from space 1024K, 88% used [0x00000000d6800000,0x00000000d68e1558,0x00000000d6900000)
  to   space 1536K, 0% used [0x00000000d6600000,0x00000000d6600000,0x00000000d6780000)
 ParOldGen       total 68608K, used 46709K [0x0000000080000000, 0x0000000084300000, 0x00000000d5580000)
  object space 68608K, 68% used [0x0000000080000000,0x0000000082d9d470,0x0000000084300000)
 Metaspace       used 50910K, committed 52224K, reserved 1114112K
  class space    used 5549K, committed 6144K, reserved 1048576K
}
Event: 21.860 GC heap before
{Heap before GC invocations=31 (full 2):
 PSYoungGen      total 17408K, used 17285K [0x00000000d5580000, 0x00000000d6900000, 0x0000000100000000)
  eden space 16384K, 100% used [0x00000000d5580000,0x00000000d6580000,0x00000000d6580000)
  from space 1024K, 88% used [0x00000000d6800000,0x00000000d68e1558,0x00000000d6900000)
  to   space 1536K, 0% used [0x00000000d6600000,0x00000000d6600000,0x00000000d6780000)
 ParOldGen       total 68608K, used 46709K [0x0000000080000000, 0x0000000084300000, 0x00000000d5580000)
  object space 68608K, 68% used [0x0000000080000000,0x0000000082d9d470,0x0000000084300000)
 Metaspace       used 51606K, committed 52992K, reserved 1114112K
  class space    used 5638K, committed 6208K, reserved 1048576K
}
Event: 21.862 GC heap after
{Heap after GC invocations=31 (full 2):
 PSYoungGen      total 17920K, used 360K [0x00000000d5580000, 0x00000000d6880000, 0x0000000100000000)
  eden space 16384K, 0% used [0x00000000d5580000,0x00000000d5580000,0x00000000d6580000)
  from space 1536K, 23% used [0x00000000d6600000,0x00000000d665a010,0x00000000d6780000)
  to   space 1024K, 0% used [0x00000000d6780000,0x00000000d6780000,0x00000000d6880000)
 ParOldGen       total 68608K, used 47533K [0x0000000080000000, 0x0000000084300000, 0x00000000d5580000)
  object space 68608K, 69% used [0x0000000080000000,0x0000000082e6b4a8,0x0000000084300000)
 Metaspace       used 51606K, committed 52992K, reserved 1114112K
  class space    used 5638K, committed 6208K, reserved 1048576K
}
Event: 22.304 GC heap before
{Heap before GC invocations=32 (full 2):
 PSYoungGen      total 17920K, used 16621K [0x00000000d5580000, 0x00000000d6880000, 0x0000000100000000)
  eden space 16384K, 99% used [0x00000000d5580000,0x00000000d6561708,0x00000000d6580000)
  from space 1536K, 23% used [0x00000000d6600000,0x00000000d665a010,0x00000000d6780000)
  to   space 1024K, 0% used [0x00000000d6780000,0x00000000d6780000,0x00000000d6880000)
 ParOldGen       total 68608K, used 47533K [0x0000000080000000, 0x0000000084300000, 0x00000000d5580000)
  object space 68608K, 69% used [0x0000000080000000,0x0000000082e6b4a8,0x0000000084300000)
 Metaspace       used 52908K, committed 54272K, reserved 1114112K
  class space    used 5752K, committed 6336K, reserved 1048576K
}
Event: 22.305 GC heap after
{Heap after GC invocations=32 (full 2):
 PSYoungGen      total 16896K, used 352K [0x00000000d5580000, 0x00000000d6800000, 0x0000000100000000)
  eden space 16384K, 0% used [0x00000000d5580000,0x00000000d5580000,0x00000000d6580000)
  from space 512K, 68% used [0x00000000d6780000,0x00000000d67d8000,0x00000000d6800000)
  to   space 512K, 0% used [0x00000000d6700000,0x00000000d6700000,0x00000000d6780000)
 ParOldGen       total 68608K, used 47709K [0x0000000080000000, 0x0000000084300000, 0x00000000d5580000)
  object space 68608K, 69% used [0x0000000080000000,0x0000000082e974a8,0x0000000084300000)
 Metaspace       used 52908K, committed 54272K, reserved 1114112K
  class space    used 5752K, committed 6336K, reserved 1048576K
}

