# JRE version: OpenJDK Runtime Environment Temurin-21.0.8+9 (21.0.8+9) (build 21.0.8+9-LTS)
# Java VM: OpenJDK 64-Bit Server VM Temurin-21.0.8+9 (21.0.8+9-LTS, mixed mode, sharing, tiered, compressed oops, compressed class ptrs, parallel gc, windows-amd64)
GC Precious Log:
 CardTable entry size: 512
 CPUs: 4 total, 4 available
 Memory: 7934M
 Large Page Support: Disabled
 NUMA Support: Disabled
 Compressed Oops: Enabled (32-bit)
 Alignments: Space 512K, Generation 512K, Heap 2M
 Heap Min Capacity: 100M
 Heap Initial Capacity: 100M
 Heap Max Capacity: 2G
 Pre-touch: Disabled
 Parallel Workers: 4
Heap:
 PSYoungGen      total 10240K, used 10089K [0x00000000d5580000, 0x00000000d6180000, 0x0000000100000000)
  eden space 9216K, 100% used [0x00000000d5580000,0x00000000d5e80000,0x00000000d5e80000)
  from space 1024K, 85% used [0x00000000d5e80000,0x00000000d5f5a688,0x00000000d5f80000)
  to   space 1536K, 50% used [0x00000000d6000000,0x00000000d60c34d8,0x00000000d6180000)
 ParOldGen       total 1047040K, used 1046533K [0x0000000080000000, 0x00000000bfe80000, 0x00000000d5580000)
  object space 1047040K, 99% used [0x0000000080000000,0x00000000bfe01600,0x00000000bfe80000)
 Metaspace       used 93575K, committed 95296K, reserved 1179648K
  class space    used 9467K, committed 10240K, reserved 1048576K
GC Heap History (20 events):
Event: 8383.120 GC heap before
{Heap before GC invocations=1646 (full 5):
 PSYoungGen      total 9216K, used 8846K [0x00000000d5580000, 0x00000000d5f80000, 0x0000000100000000)
  eden space 8192K, 100% used [0x00000000d5580000,0x00000000d5d80000,0x00000000d5d80000)
  from space 1024K, 63% used [0x00000000d5e80000,0x00000000d5f23890,0x00000000d5f80000)
  to   space 1024K, 0% used [0x00000000d5d80000,0x00000000d5d80000,0x00000000d5e80000)
 ParOldGen       total 1037312K, used 1036843K [0x0000000080000000, 0x00000000bf500000, 0x00000000d5580000)
  object space 1037312K, 99% used [0x0000000080000000,0x00000000bf48ac20,0x00000000bf500000)
 Metaspace       used 93575K, committed 95296K, reserved 1179648K
  class space    used 9467K, committed 10240K, reserved 1048576K
}
Event: 8383.122 GC heap after
{Heap after GC invocations=1646 (full 5):
 PSYoungGen      total 9216K, used 832K [0x00000000d5580000, 0x00000000d5f80000, 0x0000000100000000)
  eden space 8192K, 0% used [0x00000000d5580000,0x00000000d5580000,0x00000000d5d80000)
  from space 1024K, 81% used [0x00000000d5d80000,0x00000000d5e50398,0x00000000d5e80000)
  to   space 1024K, 0% used [0x00000000d5e80000,0x00000000d5e80000,0x00000000d5f80000)
 ParOldGen       total 1037824K, used 1037396K [0x0000000080000000, 0x00000000bf580000, 0x00000000d5580000)
  object space 1037824K, 99% used [0x0000000080000000,0x00000000bf515180,0x00000000bf580000)
 Metaspace       used 93575K, committed 95296K, reserved 1179648K
  class space    used 9467K, committed 10240K, reserved 1048576K
}
Event: 8383.131 GC heap before
{Heap before GC invocations=1647 (full 5):
 PSYoungGen      total 9216K, used 9024K [0x00000000d5580000, 0x00000000d5f80000, 0x0000000100000000)
  eden space 8192K, 100% used [0x00000000d5580000,0x00000000d5d80000,0x00000000d5d80000)
  from space 1024K, 81% used [0x00000000d5d80000,0x00000000d5e50398,0x00000000d5e80000)
  to   space 1024K, 0% used [0x00000000d5e80000,0x00000000d5e80000,0x00000000d5f80000)
 ParOldGen       total 1037824K, used 1037396K [0x0000000080000000, 0x00000000bf580000, 0x00000000d5580000)
  object space 1037824K, 99% used [0x0000000080000000,0x00000000bf515180,0x00000000bf580000)
 Metaspace       used 93575K, committed 95296K, reserved 1179648K
  class space    used 9467K, committed 10240K, reserved 1048576K
}
Event: 8383.134 GC heap after
{Heap after GC invocations=1647 (full 5):
 PSYoungGen      total 9216K, used 864K [0x00000000d5580000, 0x00000000d5f80000, 0x0000000100000000)
  eden space 8192K, 0% used [0x00000000d5580000,0x00000000d5580000,0x00000000d5d80000)
  from space 1024K, 84% used [0x00000000d5e80000,0x00000000d5f58000,0x00000000d5f80000)
  to   space 1024K, 0% used [0x00000000d5d80000,0x00000000d5d80000,0x00000000d5e80000)
 ParOldGen       total 1038336K, used 1038169K [0x0000000080000000, 0x00000000bf600000, 0x00000000d5580000)
  object space 1038336K, 99% used [0x0000000080000000,0x00000000bf5d6460,0x00000000bf600000)
 Metaspace       used 93575K, committed 95296K, reserved 1179648K
  class space    used 9467K, committed 10240K, reserved 1048576K
}
Event: 8383.141 GC heap before
{Heap before GC invocations=1648 (full 5):
 PSYoungGen      total 9216K, used 9056K [0x00000000d5580000, 0x00000000d5f80000, 0x0000000100000000)
  eden space 8192K, 100% used [0x00000000d5580000,0x00000000d5d80000,0x00000000d5d80000)
  from space 1024K, 84% used [0x00000000d5e80000,0x00000000d5f58000,0x00000000d5f80000)
  to   space 1024K, 0% used [0x00000000d5d80000,0x00000000d5d80000,0x00000000d5e80000)
 ParOldGen       total 1038336K, used 1038169K [0x0000000080000000, 0x00000000bf600000, 0x00000000d5580000)
  object space 1038336K, 99% used [0x0000000080000000,0x00000000bf5d6460,0x00000000bf600000)
 Metaspace       used 93575K, committed 95296K, reserved 1179648K
  class space    used 9467K, committed 10240K, reserved 1048576K
}
Event: 8383.144 GC heap after
{Heap after GC invocations=1648 (full 5):
 PSYoungGen      total 9216K, used 883K [0x00000000d5580000, 0x00000000d6180000, 0x0000000100000000)
  eden space 8192K, 0% used [0x00000000d5580000,0x00000000d5580000,0x00000000d5d80000)
  from space 1024K, 86% used [0x00000000d5d80000,0x00000000d5e5cda0,0x00000000d5e80000)
  to   space 1024K, 0% used [0x00000000d6080000,0x00000000d6080000,0x00000000d6180000)
 ParOldGen       total 1039872K, used 1039778K [0x0000000080000000, 0x00000000bf780000, 0x00000000d5580000)
  object space 1039872K, 99% used [0x0000000080000000,0x00000000bf768b98,0x00000000bf780000)
 Metaspace       used 93575K, committed 95296K, reserved 1179648K
  class space    used 9467K, committed 10240K, reserved 1048576K
}
Event: 8383.155 GC heap before
{Heap before GC invocations=1649 (full 5):
 PSYoungGen      total 9216K, used 9075K [0x00000000d5580000, 0x00000000d6180000, 0x0000000100000000)
  eden space 8192K, 100% used [0x00000000d5580000,0x00000000d5d80000,0x00000000d5d80000)
  from space 1024K, 86% used [0x00000000d5d80000,0x00000000d5e5cda0,0x00000000d5e80000)
  to   space 1024K, 0% used [0x00000000d6080000,0x00000000d6080000,0x00000000d6180000)
 ParOldGen       total 1039872K, used 1039778K [0x0000000080000000, 0x00000000bf780000, 0x00000000d5580000)
  object space 1039872K, 99% used [0x0000000080000000,0x00000000bf768b98,0x00000000bf780000)
 Metaspace       used 93575K, committed 95296K, reserved 1179648K
  class space    used 9467K, committed 10240K, reserved 1048576K
}
Event: 8383.158 GC heap after
{Heap after GC invocations=1649 (full 5):
 PSYoungGen      total 9216K, used 683K [0x00000000d5580000, 0x00000000d6180000, 0x0000000100000000)
  eden space 8192K, 0% used [0x00000000d5580000,0x00000000d5580000,0x00000000d5d80000)
  from space 1024K, 66% used [0x00000000d6080000,0x00000000d612ad78,0x00000000d6180000)
  to   space 1024K, 0% used [0x00000000d5d80000,0x00000000d5d80000,0x00000000d5e80000)
 ParOldGen       total 1040896K, used 1040612K [0x0000000080000000, 0x00000000bf880000, 0x00000000d5580000)
  object space 1040896K, 99% used [0x0000000080000000,0x00000000bf8391e8,0x00000000bf880000)
 Metaspace       used 93575K, committed 95296K, reserved 1179648K
  class space    used 9467K, committed 10240K, reserved 1048576K
}
Event: 8383.169 GC heap before
{Heap before GC invocations=1650 (full 5):
 PSYoungGen      total 9216K, used 8873K [0x00000000d5580000, 0x00000000d6180000, 0x0000000100000000)
  eden space 8192K, 99% used [0x00000000d5580000,0x00000000d5d7f960,0x00000000d5d80000)
  from space 1024K, 66% used [0x00000000d6080000,0x00000000d612ad78,0x00000000d6180000)
  to   space 1024K, 0% used [0x00000000d5d80000,0x00000000d5d80000,0x00000000d5e80000)
 ParOldGen       total 1040896K, used 1040612K [0x0000000080000000, 0x00000000bf880000, 0x00000000d5580000)
  object space 1040896K, 99% used [0x0000000080000000,0x00000000bf8391e8,0x00000000bf880000)
 Metaspace       used 93575K, committed 95296K, reserved 1179648K
  class space    used 9467K, committed 10240K, reserved 1048576K
}
Event: 8383.172 GC heap after
{Heap after GC invocations=1650 (full 5):
 PSYoungGen      total 9216K, used 694K [0x00000000d5580000, 0x00000000d6100000, 0x0000000100000000)
  eden space 8192K, 0% used [0x00000000d5580000,0x00000000d5580000,0x00000000d5d80000)
  from space 1024K, 67% used [0x00000000d5d80000,0x00000000d5e2db58,0x00000000d5e80000)
  to   space 1024K, 0% used [0x00000000d6000000,0x00000000d6000000,0x00000000d6100000)
 ParOldGen       total 1041408K, used 1041210K [0x0000000080000000, 0x00000000bf900000, 0x00000000d5580000)
  object space 1041408K, 99% used [0x0000000080000000,0x00000000bf8ce9a0,0x00000000bf900000)
 Metaspace       used 93575K, committed 95296K, reserved 1179648K
  class space    used 9467K, committed 10240K, reserved 1048576K
}
Event: 8383.183 GC heap before
{Heap before GC invocations=1651 (full 5):
 PSYoungGen      total 9216K, used 8886K [0x00000000d5580000, 0x00000000d6100000, 0x0000000100000000)
  eden space 8192K, 100% used [0x00000000d5580000,0x00000000d5d80000,0x00000000d5d80000)
  from space 1024K, 67% used [0x00000000d5d80000,0x00000000d5e2db58,0x00000000d5e80000)
  to   space 1024K, 0% used [0x00000000d6000000,0x00000000d6000000,0x00000000d6100000)
 ParOldGen       total 1041408K, used 1041210K [0x0000000080000000, 0x00000000bf900000, 0x00000000d5580000)
  object space 1041408K, 99% used [0x0000000080000000,0x00000000bf8ce9a0,0x00000000bf900000)
 Metaspace       used 93575K, committed 95296K, reserved 1179648K
  class space    used 9467K, committed 10240K, reserved 1048576K
}
Event: 8383.186 GC heap after
{Heap after GC invocations=1651 (full 5):
 PSYoungGen      total 9216K, used 658K [0x00000000d5580000, 0x00000000d6100000, 0x0000000100000000)
  eden space 8192K, 0% used [0x00000000d5580000,0x00000000d5580000,0x00000000d5d80000)
  from space 1024K, 64% used [0x00000000d6000000,0x00000000d60a4890,0x00000000d6100000)
  to   space 1024K, 0% used [0x00000000d5d80000,0x00000000d5d80000,0x00000000d5e80000)
 ParOldGen       total 1041920K, used 1041763K [0x0000000080000000, 0x00000000bf980000, 0x00000000d5580000)
  object space 1041920K, 99% used [0x0000000080000000,0x00000000bf958c80,0x00000000bf980000)
 Metaspace       used 93575K, committed 95296K, reserved 1179648K
  class space    used 9467K, committed 10240K, reserved 1048576K
}
Event: 8383.195 GC heap before
{Heap before GC invocations=1652 (full 5):
 PSYoungGen      total 9216K, used 8850K [0x00000000d5580000, 0x00000000d6100000, 0x0000000100000000)
  eden space 8192K, 100% used [0x00000000d5580000,0x00000000d5d80000,0x00000000d5d80000)
  from space 1024K, 64% used [0x00000000d6000000,0x00000000d60a4890,0x00000000d6100000)
  to   space 1024K, 0% used [0x00000000d5d80000,0x00000000d5d80000,0x00000000d5e80000)
 ParOldGen       total 1041920K, used 1041763K [0x0000000080000000, 0x00000000bf980000, 0x00000000d5580000)
  object space 1041920K, 99% used [0x0000000080000000,0x00000000bf958c80,0x00000000bf980000)
 Metaspace       used 93575K, committed 95296K, reserved 1179648K
  class space    used 9467K, committed 10240K, reserved 1048576K
}
Event: 8383.198 GC heap after
{Heap after GC invocations=1652 (full 5):
 PSYoungGen      total 9216K, used 889K [0x00000000d5580000, 0x00000000d6180000, 0x0000000100000000)
  eden space 8192K, 0% used [0x00000000d5580000,0x00000000d5580000,0x00000000d5d80000)
  from space 1024K, 86% used [0x00000000d5d80000,0x00000000d5e5e798,0x00000000d5e80000)
  to   space 1024K, 0% used [0x00000000d6080000,0x00000000d6080000,0x00000000d6180000)
 ParOldGen       total 1042432K, used 1042351K [0x0000000080000000, 0x00000000bfa00000, 0x00000000d5580000)
  object space 1042432K, 99% used [0x0000000080000000,0x00000000bf9ebf60,0x00000000bfa00000)
 Metaspace       used 93575K, committed 95296K, reserved 1179648K
  class space    used 9467K, committed 10240K, reserved 1048576K
}
Event: 8383.208 GC heap before
{Heap before GC invocations=1653 (full 5):
 PSYoungGen      total 9216K, used 9081K [0x00000000d5580000, 0x00000000d6180000, 0x0000000100000000)
  eden space 8192K, 100% used [0x00000000d5580000,0x00000000d5d80000,0x00000000d5d80000)
  from space 1024K, 86% used [0x00000000d5d80000,0x00000000d5e5e798,0x00000000d5e80000)
  to   space 1024K, 0% used [0x00000000d6080000,0x00000000d6080000,0x00000000d6180000)
 ParOldGen       total 1042432K, used 1042351K [0x0000000080000000, 0x00000000bfa00000, 0x00000000d5580000)
  object space 1042432K, 99% used [0x0000000080000000,0x00000000bf9ebf60,0x00000000bfa00000)
 Metaspace       used 93575K, committed 95296K, reserved 1179648K
  class space    used 9467K, committed 10240K, reserved 1048576K
}
Event: 8383.212 GC heap after
{Heap after GC invocations=1653 (full 5):
 PSYoungGen      total 11264K, used 948K [0x00000000d5580000, 0x00000000d6180000, 0x0000000100000000)
  eden space 10240K, 0% used [0x00000000d5580000,0x00000000d5580000,0x00000000d5f80000)
  from space 1024K, 92% used [0x00000000d6080000,0x00000000d616d0d8,0x00000000d6180000)
  to   space 1024K, 0% used [0x00000000d5f80000,0x00000000d5f80000,0x00000000d6080000)
 ParOldGen       total 1043456K, used 1043157K [0x0000000080000000, 0x00000000bfb00000, 0x00000000d5580000)
  object space 1043456K, 99% used [0x0000000080000000,0x00000000bfab5680,0x00000000bfb00000)
 Metaspace       used 93575K, committed 95296K, reserved 1179648K
  class space    used 9467K, committed 10240K, reserved 1048576K
}
Event: 8383.227 GC heap before
{Heap before GC invocations=1654 (full 5):
 PSYoungGen      total 11264K, used 11188K [0x00000000d5580000, 0x00000000d6180000, 0x0000000100000000)
  eden space 10240K, 100% used [0x00000000d5580000,0x00000000d5f80000,0x00000000d5f80000)
  from space 1024K, 92% used [0x00000000d6080000,0x00000000d616d0d8,0x00000000d6180000)
  to   space 1024K, 0% used [0x00000000d5f80000,0x00000000d5f80000,0x00000000d6080000)
 ParOldGen       total 1043456K, used 1043157K [0x0000000080000000, 0x00000000bfb00000, 0x00000000d5580000)
  object space 1043456K, 99% used [0x0000000080000000,0x00000000bfab5680,0x00000000bfb00000)
 Metaspace       used 93575K, committed 95296K, reserved 1179648K
  class space    used 9467K, committed 10240K, reserved 1048576K
}
Event: 8383.231 GC heap after
{Heap after GC invocations=1654 (full 5):
 PSYoungGen      total 11264K, used 1011K [0x00000000d5580000, 0x00000000d6180000, 0x0000000100000000)
  eden space 10240K, 0% used [0x00000000d5580000,0x00000000d5580000,0x00000000d5f80000)
  from space 1024K, 98% used [0x00000000d5f80000,0x00000000d607ce40,0x00000000d6080000)
  to   space 1024K, 0% used [0x00000000d6080000,0x00000000d6080000,0x00000000d6180000)
 ParOldGen       total 1044480K, used 1043988K [0x0000000080000000, 0x00000000bfc00000, 0x00000000d5580000)
  object space 1044480K, 99% used [0x0000000080000000,0x00000000bfb85270,0x00000000bfc00000)
 Metaspace       used 93575K, committed 95296K, reserved 1179648K
  class space    used 9467K, committed 10240K, reserved 1048576K
}
Event: 8383.250 GC heap before
{Heap before GC invocations=1655 (full 5):
 PSYoungGen      total 11264K, used 11251K [0x00000000d5580000, 0x00000000d6180000, 0x0000000100000000)
  eden space 10240K, 100% used [0x00000000d5580000,0x00000000d5f80000,0x00000000d5f80000)
  from space 1024K, 98% used [0x00000000d5f80000,0x00000000d607ce40,0x00000000d6080000)
  to   space 1024K, 0% used [0x00000000d6080000,0x00000000d6080000,0x00000000d6180000)
 ParOldGen       total 1044480K, used 1043988K [0x0000000080000000, 0x00000000bfc00000, 0x00000000d5580000)
  object space 1044480K, 99% used [0x0000000080000000,0x00000000bfb85270,0x00000000bfc00000)
 Metaspace       used 93575K, committed 95296K, reserved 1179648K
  class space    used 9467K, committed 10240K, reserved 1048576K
}
Event: 8383.252 GC heap after
{Heap after GC invocations=1655 (full 5):
 PSYoungGen      total 10240K, used 1001K [0x00000000d5580000, 0x00000000d6380000, 0x0000000100000000)
  eden space 9216K, 0% used [0x00000000d5580000,0x00000000d5580000,0x00000000d5e80000)
  from space 1024K, 97% used [0x00000000d6080000,0x00000000d617a4d8,0x00000000d6180000)
  to   space 2048K, 0% used [0x00000000d5e80000,0x00000000d5e80000,0x00000000d6080000)
 ParOldGen       total 1044992K, used 1044959K [0x0000000080000000, 0x00000000bfc80000, 0x00000000d5580000)
  object space 1044992K, 99% used [0x0000000080000000,0x00000000bfc77d68,0x00000000bfc80000)
 Metaspace       used 93575K, committed 95296K, reserved 1179648K
  class space    used 9467K, committed 10240K, reserved 1048576K
}

