# JRE version: OpenJDK Runtime Environment Temurin-21.0.8+9 (21.0.8+9) (build 21.0.8+9-LTS)
# Java VM: OpenJDK 64-Bit Server VM Temurin-21.0.8+9 (21.0.8+9-LTS, mixed mode, sharing, tiered, compressed oops, compressed class ptrs, parallel gc, windows-amd64)
GC Precious Log:
 CardTable entry size: 512
 CPUs: 4 total, 4 available
 Memory: 7934M
 Large Page Support: Disabled
 NUMA Support: Disabled
 Compressed Oops: Enabled (32-bit)
 Alignments: Space 512K, Generation 512K, Heap 2M
 Heap Min Capacity: 100M
 Heap Initial Capacity: 100M
 Heap Max Capacity: 2G
 Pre-touch: Disabled
 Parallel Workers: 4
Heap:
 PSYoungGen      total 26624K, used 21233K [0x00000000d5580000, 0x00000000d7780000, 0x0000000100000000)
  eden space 19968K, 73% used [0x00000000d5580000,0x00000000d63bcb50,0x00000000d6900000)
  from space 6656K, 99% used [0x00000000d7000000,0x00000000d767fb00,0x00000000d7680000)
  to   space 7168K, 0% used [0x00000000d6900000,0x00000000d6900000,0x00000000d7000000)
 ParOldGen       total 152064K, used 120452K [0x0000000080000000, 0x0000000089480000, 0x00000000d5580000)
  object space 152064K, 79% used [0x0000000080000000,0x00000000875a1218,0x0000000089480000)
 Metaspace       used 73512K, committed 75072K, reserved 1179648K
  class space    used 7757K, committed 8448K, reserved 1048576K
GC Heap History (20 events):
Event: 56.426 GC heap before
{Heap before GC invocations=110 (full 5):
 PSYoungGen      total 25600K, used 25080K [0x00000000d5580000, 0x00000000d7180000, 0x0000000100000000)
  eden space 23040K, 100% used [0x00000000d5580000,0x00000000d6c00000,0x00000000d6c00000)
  from space 2560K, 79% used [0x00000000d6e80000,0x00000000d707e0d0,0x00000000d7100000)
  to   space 2560K, 0% used [0x00000000d6c00000,0x00000000d6c00000,0x00000000d6e80000)
 ParOldGen       total 152064K, used 115129K [0x0000000080000000, 0x0000000089480000, 0x00000000d5580000)
  object space 152064K, 75% used [0x0000000080000000,0x000000008706e4d0,0x0000000089480000)
 Metaspace       used 65583K, committed 67136K, reserved 1114112K
  class space    used 7023K, committed 7680K, reserved 1048576K
}
Event: 56.429 GC heap after
{Heap after GC invocations=110 (full 5):
 PSYoungGen      total 25600K, used 2557K [0x00000000d5580000, 0x00000000d7280000, 0x0000000100000000)
  eden space 23040K, 0% used [0x00000000d5580000,0x00000000d5580000,0x00000000d6c00000)
  from space 2560K, 99% used [0x00000000d6c00000,0x00000000d6e7f490,0x00000000d6e80000)
  to   space 3072K, 0% used [0x00000000d6f80000,0x00000000d6f80000,0x00000000d7280000)
 ParOldGen       total 152064K, used 115235K [0x0000000080000000, 0x0000000089480000, 0x00000000d5580000)
  object space 152064K, 75% used [0x0000000080000000,0x0000000087088de0,0x0000000089480000)
 Metaspace       used 65583K, committed 67136K, reserved 1114112K
  class space    used 7023K, committed 7680K, reserved 1048576K
}
Event: 57.163 GC heap before
{Heap before GC invocations=111 (full 5):
 PSYoungGen      total 25600K, used 25597K [0x00000000d5580000, 0x00000000d7280000, 0x0000000100000000)
  eden space 23040K, 100% used [0x00000000d5580000,0x00000000d6c00000,0x00000000d6c00000)
  from space 2560K, 99% used [0x00000000d6c00000,0x00000000d6e7f490,0x00000000d6e80000)
  to   space 3072K, 0% used [0x00000000d6f80000,0x00000000d6f80000,0x00000000d7280000)
 ParOldGen       total 152064K, used 115235K [0x0000000080000000, 0x0000000089480000, 0x00000000d5580000)
  object space 152064K, 75% used [0x0000000080000000,0x0000000087088de0,0x0000000089480000)
 Metaspace       used 66797K, committed 68416K, reserved 1114112K
  class space    used 7142K, committed 7808K, reserved 1048576K
}
Event: 57.169 GC heap after
{Heap after GC invocations=111 (full 5):
 PSYoungGen      total 24576K, used 3053K [0x00000000d5580000, 0x00000000d7680000, 0x0000000100000000)
  eden space 21504K, 0% used [0x00000000d5580000,0x00000000d5580000,0x00000000d6a80000)
  from space 3072K, 99% used [0x00000000d6f80000,0x00000000d727b710,0x00000000d7280000)
  to   space 5120K, 0% used [0x00000000d6a80000,0x00000000d6a80000,0x00000000d6f80000)
 ParOldGen       total 152064K, used 116677K [0x0000000080000000, 0x0000000089480000, 0x00000000d5580000)
  object space 152064K, 76% used [0x0000000080000000,0x00000000871f1498,0x0000000089480000)
 Metaspace       used 66797K, committed 68416K, reserved 1114112K
  class space    used 7142K, committed 7808K, reserved 1048576K
}
Event: 58.163 GC heap before
{Heap before GC invocations=112 (full 5):
 PSYoungGen      total 24576K, used 24557K [0x00000000d5580000, 0x00000000d7680000, 0x0000000100000000)
  eden space 21504K, 99% used [0x00000000d5580000,0x00000000d6a7ffe8,0x00000000d6a80000)
  from space 3072K, 99% used [0x00000000d6f80000,0x00000000d727b710,0x00000000d7280000)
  to   space 5120K, 0% used [0x00000000d6a80000,0x00000000d6a80000,0x00000000d6f80000)
 ParOldGen       total 152064K, used 116677K [0x0000000080000000, 0x0000000089480000, 0x00000000d5580000)
  object space 152064K, 76% used [0x0000000080000000,0x00000000871f1498,0x0000000089480000)
 Metaspace       used 68626K, committed 70208K, reserved 1114112K
  class space    used 7320K, committed 8000K, reserved 1048576K
}
Event: 58.170 GC heap after
{Heap after GC invocations=112 (full 5):
 PSYoungGen      total 26624K, used 4192K [0x00000000d5580000, 0x00000000d7400000, 0x0000000100000000)
  eden space 21504K, 0% used [0x00000000d5580000,0x00000000d5580000,0x00000000d6a80000)
  from space 5120K, 81% used [0x00000000d6a80000,0x00000000d6e982f0,0x00000000d6f80000)
  to   space 4608K, 0% used [0x00000000d6f80000,0x00000000d6f80000,0x00000000d7400000)
 ParOldGen       total 152064K, used 117007K [0x0000000080000000, 0x0000000089480000, 0x00000000d5580000)
  object space 152064K, 76% used [0x0000000080000000,0x0000000087243e50,0x0000000089480000)
 Metaspace       used 68626K, committed 70208K, reserved 1114112K
  class space    used 7320K, committed 8000K, reserved 1048576K
}
Event: 59.175 GC heap before
{Heap before GC invocations=113 (full 5):
 PSYoungGen      total 26624K, used 25696K [0x00000000d5580000, 0x00000000d7400000, 0x0000000100000000)
  eden space 21504K, 100% used [0x00000000d5580000,0x00000000d6a80000,0x00000000d6a80000)
  from space 5120K, 81% used [0x00000000d6a80000,0x00000000d6e982f0,0x00000000d6f80000)
  to   space 4608K, 0% used [0x00000000d6f80000,0x00000000d6f80000,0x00000000d7400000)
 ParOldGen       total 152064K, used 117007K [0x0000000080000000, 0x0000000089480000, 0x00000000d5580000)
  object space 152064K, 76% used [0x0000000080000000,0x0000000087243e50,0x0000000089480000)
 Metaspace       used 69802K, committed 71424K, reserved 1114112K
  class space    used 7431K, committed 8128K, reserved 1048576K
}
Event: 59.180 GC heap after
{Heap after GC invocations=113 (full 5):
 PSYoungGen      total 25088K, used 4597K [0x00000000d5580000, 0x00000000d7700000, 0x0000000100000000)
  eden space 20480K, 0% used [0x00000000d5580000,0x00000000d5580000,0x00000000d6980000)
  from space 4608K, 99% used [0x00000000d6f80000,0x00000000d73fd510,0x00000000d7400000)
  to   space 6144K, 0% used [0x00000000d6980000,0x00000000d6980000,0x00000000d6f80000)
 ParOldGen       total 152064K, used 118015K [0x0000000080000000, 0x0000000089480000, 0x00000000d5580000)
  object space 152064K, 77% used [0x0000000080000000,0x000000008733fd80,0x0000000089480000)
 Metaspace       used 69802K, committed 71424K, reserved 1114112K
  class space    used 7431K, committed 8128K, reserved 1048576K
}
Event: 59.779 GC heap before
{Heap before GC invocations=114 (full 5):
 PSYoungGen      total 25088K, used 25077K [0x00000000d5580000, 0x00000000d7700000, 0x0000000100000000)
  eden space 20480K, 100% used [0x00000000d5580000,0x00000000d6980000,0x00000000d6980000)
  from space 4608K, 99% used [0x00000000d6f80000,0x00000000d73fd510,0x00000000d7400000)
  to   space 6144K, 0% used [0x00000000d6980000,0x00000000d6980000,0x00000000d6f80000)
 ParOldGen       total 152064K, used 118015K [0x0000000080000000, 0x0000000089480000, 0x00000000d5580000)
  object space 152064K, 77% used [0x0000000080000000,0x000000008733fd80,0x0000000089480000)
 Metaspace       used 70445K, committed 72000K, reserved 1114112K
  class space    used 7478K, committed 8128K, reserved 1048576K
}
Event: 59.785 GC heap after
{Heap after GC invocations=114 (full 5):
 PSYoungGen      total 26624K, used 5675K [0x00000000d5580000, 0x00000000d7600000, 0x0000000100000000)
  eden space 20480K, 0% used [0x00000000d5580000,0x00000000d5580000,0x00000000d6980000)
  from space 6144K, 92% used [0x00000000d6980000,0x00000000d6f0add0,0x00000000d6f80000)
  to   space 6144K, 0% used [0x00000000d7000000,0x00000000d7000000,0x00000000d7600000)
 ParOldGen       total 152064K, used 118467K [0x0000000080000000, 0x0000000089480000, 0x00000000d5580000)
  object space 152064K, 77% used [0x0000000080000000,0x00000000873b0e70,0x0000000089480000)
 Metaspace       used 70445K, committed 72000K, reserved 1114112K
  class space    used 7478K, committed 8128K, reserved 1048576K
}
Event: 60.031 GC heap before
{Heap before GC invocations=115 (full 5):
 PSYoungGen      total 26624K, used 26155K [0x00000000d5580000, 0x00000000d7600000, 0x0000000100000000)
  eden space 20480K, 100% used [0x00000000d5580000,0x00000000d6980000,0x00000000d6980000)
  from space 6144K, 92% used [0x00000000d6980000,0x00000000d6f0add0,0x00000000d6f80000)
  to   space 6144K, 0% used [0x00000000d7000000,0x00000000d7000000,0x00000000d7600000)
 ParOldGen       total 152064K, used 118467K [0x0000000080000000, 0x0000000089480000, 0x00000000d5580000)
  object space 152064K, 77% used [0x0000000080000000,0x00000000873b0e70,0x0000000089480000)
 Metaspace       used 71132K, committed 72704K, reserved 1114112K
  class space    used 7572K, committed 8256K, reserved 1048576K
}
Event: 60.039 GC heap after
{Heap after GC invocations=115 (full 5):
 PSYoungGen      total 26112K, used 6134K [0x00000000d5580000, 0x00000000d7800000, 0x0000000100000000)
  eden space 19968K, 0% used [0x00000000d5580000,0x00000000d5580000,0x00000000d6900000)
  from space 6144K, 99% used [0x00000000d7000000,0x00000000d75fdb20,0x00000000d7600000)
  to   space 7168K, 0% used [0x00000000d6900000,0x00000000d6900000,0x00000000d7000000)
 ParOldGen       total 152064K, used 119269K [0x0000000080000000, 0x0000000089480000, 0x00000000d5580000)
  object space 152064K, 78% used [0x0000000080000000,0x00000000874797c0,0x0000000089480000)
 Metaspace       used 71132K, committed 72704K, reserved 1114112K
  class space    used 7572K, committed 8256K, reserved 1048576K
}
Event: 60.769 GC heap before
{Heap before GC invocations=116 (full 5):
 PSYoungGen      total 26112K, used 26102K [0x00000000d5580000, 0x00000000d7800000, 0x0000000100000000)
  eden space 19968K, 100% used [0x00000000d5580000,0x00000000d6900000,0x00000000d6900000)
  from space 6144K, 99% used [0x00000000d7000000,0x00000000d75fdb20,0x00000000d7600000)
  to   space 7168K, 0% used [0x00000000d6900000,0x00000000d6900000,0x00000000d7000000)
 ParOldGen       total 152064K, used 119269K [0x0000000080000000, 0x0000000089480000, 0x00000000d5580000)
  object space 152064K, 78% used [0x0000000080000000,0x00000000874797c0,0x0000000089480000)
 Metaspace       used 71501K, committed 73024K, reserved 1114112K
  class space    used 7605K, committed 8256K, reserved 1048576K
}
Event: 60.776 GC heap after
{Heap after GC invocations=116 (full 5):
 PSYoungGen      total 27136K, used 6321K [0x00000000d5580000, 0x00000000d7680000, 0x0000000100000000)
  eden space 19968K, 0% used [0x00000000d5580000,0x00000000d5580000,0x00000000d6900000)
  from space 7168K, 88% used [0x00000000d6900000,0x00000000d6f2c6e0,0x00000000d7000000)
  to   space 6656K, 0% used [0x00000000d7000000,0x00000000d7000000,0x00000000d7680000)
 ParOldGen       total 152064K, used 119656K [0x0000000080000000, 0x0000000089480000, 0x00000000d5580000)
  object space 152064K, 78% used [0x0000000080000000,0x00000000874da0e8,0x0000000089480000)
 Metaspace       used 71501K, committed 73024K, reserved 1114112K
  class space    used 7605K, committed 8256K, reserved 1048576K
}
Event: 61.396 GC heap before
{Heap before GC invocations=117 (full 5):
 PSYoungGen      total 27136K, used 26289K [0x00000000d5580000, 0x00000000d7680000, 0x0000000100000000)
  eden space 19968K, 100% used [0x00000000d5580000,0x00000000d6900000,0x00000000d6900000)
  from space 7168K, 88% used [0x00000000d6900000,0x00000000d6f2c6e0,0x00000000d7000000)
  to   space 6656K, 0% used [0x00000000d7000000,0x00000000d7000000,0x00000000d7680000)
 ParOldGen       total 152064K, used 119656K [0x0000000080000000, 0x0000000089480000, 0x00000000d5580000)
  object space 152064K, 78% used [0x0000000080000000,0x00000000874da0e8,0x0000000089480000)
 Metaspace       used 72083K, committed 73664K, reserved 1179648K
  class space    used 7655K, committed 8320K, reserved 1048576K
}
Event: 61.401 GC heap after
{Heap after GC invocations=117 (full 5):
 PSYoungGen      total 26624K, used 6628K [0x00000000d5580000, 0x00000000d7780000, 0x0000000100000000)
  eden space 19968K, 0% used [0x00000000d5580000,0x00000000d5580000,0x00000000d6900000)
  from space 6656K, 99% used [0x00000000d7000000,0x00000000d76793d0,0x00000000d7680000)
  to   space 7168K, 0% used [0x00000000d6900000,0x00000000d6900000,0x00000000d7000000)
 ParOldGen       total 152064K, used 119712K [0x0000000080000000, 0x0000000089480000, 0x00000000d5580000)
  object space 152064K, 78% used [0x0000000080000000,0x00000000874e80e8,0x0000000089480000)
 Metaspace       used 72083K, committed 73664K, reserved 1179648K
  class space    used 7655K, committed 8320K, reserved 1048576K
}
Event: 62.509 GC heap before
{Heap before GC invocations=118 (full 5):
 PSYoungGen      total 26624K, used 26596K [0x00000000d5580000, 0x00000000d7780000, 0x0000000100000000)
  eden space 19968K, 100% used [0x00000000d5580000,0x00000000d6900000,0x00000000d6900000)
  from space 6656K, 99% used [0x00000000d7000000,0x00000000d76793d0,0x00000000d7680000)
  to   space 7168K, 0% used [0x00000000d6900000,0x00000000d6900000,0x00000000d7000000)
 ParOldGen       total 152064K, used 119712K [0x0000000080000000, 0x0000000089480000, 0x00000000d5580000)
  object space 152064K, 78% used [0x0000000080000000,0x00000000874e80e8,0x0000000089480000)
 Metaspace       used 73011K, committed 74560K, reserved 1179648K
  class space    used 7730K, committed 8384K, reserved 1048576K
}
Event: 62.517 GC heap after
{Heap after GC invocations=118 (full 5):
 PSYoungGen      total 27136K, used 6516K [0x00000000d5580000, 0x00000000d7680000, 0x0000000100000000)
  eden space 19968K, 0% used [0x00000000d5580000,0x00000000d5580000,0x00000000d6900000)
  from space 7168K, 90% used [0x00000000d6900000,0x00000000d6f5d210,0x00000000d7000000)
  to   space 6656K, 0% used [0x00000000d7000000,0x00000000d7000000,0x00000000d7680000)
 ParOldGen       total 152064K, used 120092K [0x0000000080000000, 0x0000000089480000, 0x00000000d5580000)
  object space 152064K, 78% used [0x0000000080000000,0x0000000087547208,0x0000000089480000)
 Metaspace       used 73011K, committed 74560K, reserved 1179648K
  class space    used 7730K, committed 8384K, reserved 1048576K
}
Event: 71.754 GC heap before
{Heap before GC invocations=119 (full 5):
 PSYoungGen      total 27136K, used 26484K [0x00000000d5580000, 0x00000000d7680000, 0x0000000100000000)
  eden space 19968K, 100% used [0x00000000d5580000,0x00000000d6900000,0x00000000d6900000)
  from space 7168K, 90% used [0x00000000d6900000,0x00000000d6f5d210,0x00000000d7000000)
  to   space 6656K, 0% used [0x00000000d7000000,0x00000000d7000000,0x00000000d7680000)
 ParOldGen       total 152064K, used 120092K [0x0000000080000000, 0x0000000089480000, 0x00000000d5580000)
  object space 152064K, 78% used [0x0000000080000000,0x0000000087547208,0x0000000089480000)
 Metaspace       used 73272K, committed 74880K, reserved 1179648K
  class space    used 7750K, committed 8448K, reserved 1048576K
}
Event: 71.760 GC heap after
{Heap after GC invocations=119 (full 5):
 PSYoungGen      total 26624K, used 6654K [0x00000000d5580000, 0x00000000d7780000, 0x0000000100000000)
  eden space 19968K, 0% used [0x00000000d5580000,0x00000000d5580000,0x00000000d6900000)
  from space 6656K, 99% used [0x00000000d7000000,0x00000000d767fb00,0x00000000d7680000)
  to   space 7168K, 0% used [0x00000000d6900000,0x00000000d6900000,0x00000000d7000000)
 ParOldGen       total 152064K, used 120452K [0x0000000080000000, 0x0000000089480000, 0x00000000d5580000)
  object space 152064K, 79% used [0x0000000080000000,0x00000000875a1218,0x0000000089480000)
 Metaspace       used 73272K, committed 74880K, reserved 1179648K
  class space    used 7750K, committed 8448K, reserved 1048576K
}

