# JRE version: OpenJDK Runtime Environment Temurin-25+36 (25.0+36) (build 25+36-LTS)
# Java VM: OpenJDK 64-Bit Server VM Temurin-25+36 (25+36-LTS, mixed mode, emulated-client, sharing, tiered, compressed oops, compressed class ptrs, g1 gc, windows-amd64)
GC Precious Log:
 CardTable entry size: 512
 Card Set container configuration: InlinePtr #cards 5 size 8 Array Of Cards #cards 10 size 36 Howl #buckets 4 coarsen threshold 1843 Howl Bitmap #cards 512 size 80 coarsen threshold 460 Card regions per heap region 1 cards per card region 2048
 CPUs: 4 total, 4 available
 Memory: 7934M
 Large Page Support: Disabled
 NUMA Support: Disabled
 Compressed Oops: Enabled (32-bit)
 Heap Region Size: 1M
 Heap Min Capacity: 8M
 Heap Initial Capacity: 124M
 Heap Max Capacity: 1984M
 Pre-touch: Disabled
 Parallel Workers: 4
 Concurrent Workers: 1
 Concurrent Refinement Workers: 4
 Periodic GC: Disabled
Heap:
 garbage-first heap   total reserved 2031616K, committed 149504K, used 91093K [0x0000000084000000, 0x0000000100000000)
  region size 1024K, 2 young (2048K), 2 survivors (2048K)
GC Heap Usage History (20 events):
Event: 8.819 {heap After GC invocations=15 (full 0):
 garbage-first heap   total reserved 2031616K, committed 84992K, used 42887K [0x0000000084000000, 0x0000000100000000)
  region size 1024K, 5 young (5120K), 5 survivors (5120K)
}
Event: 8.871 {heap Before GC invocations=15 (full 0):
 garbage-first heap   total reserved 2031616K, committed 84992K, used 66439K [0x0000000084000000, 0x0000000100000000)
  region size 1024K, 29 young (29696K), 5 survivors (5120K)
}
Event: 8.889 {heap After GC invocations=16 (full 0):
 garbage-first heap   total reserved 2031616K, committed 84992K, used 52224K [0x0000000084000000, 0x0000000100000000)
  region size 1024K, 4 young (4096K), 4 survivors (4096K)
}
Event: 8.980 {heap Before GC invocations=17 (full 0):
 garbage-first heap   total reserved 2031616K, committed 89088K, used 72704K [0x0000000084000000, 0x0000000100000000)
  region size 1024K, 23 young (23552K), 4 survivors (4096K)
}
Event: 8.988 {heap After GC invocations=18 (full 0):
 garbage-first heap   total reserved 2031616K, committed 89088K, used 57344K [0x0000000084000000, 0x0000000100000000)
  region size 1024K, 3 young (3072K), 3 survivors (3072K)
}
Event: 9.059 {heap Before GC invocations=18 (full 0):
 garbage-first heap   total reserved 2031616K, committed 89088K, used 76800K [0x0000000084000000, 0x0000000100000000)
  region size 1024K, 22 young (22528K), 3 survivors (3072K)
}
Event: 9.069 {heap After GC invocations=19 (full 0):
 garbage-first heap   total reserved 2031616K, committed 89088K, used 61266K [0x0000000084000000, 0x0000000100000000)
  region size 1024K, 3 young (3072K), 3 survivors (3072K)
}
Event: 9.127 {heap Before GC invocations=19 (full 0):
 garbage-first heap   total reserved 2031616K, committed 89088K, used 78674K [0x0000000084000000, 0x0000000100000000)
  region size 1024K, 20 young (20480K), 3 survivors (3072K)
}
Event: 9.131 {heap After GC invocations=20 (full 0):
 garbage-first heap   total reserved 2031616K, committed 149504K, used 60800K [0x0000000084000000, 0x0000000100000000)
  region size 1024K, 1 young (1024K), 1 survivors (1024K)
}
Event: 9.377 {heap Before GC invocations=20 (full 0):
 garbage-first heap   total reserved 2031616K, committed 149504K, used 112000K [0x0000000084000000, 0x0000000100000000)
  region size 1024K, 52 young (53248K), 1 survivors (1024K)
}
Event: 9.380 {heap After GC invocations=21 (full 0):
 garbage-first heap   total reserved 2031616K, committed 149504K, used 61455K [0x0000000084000000, 0x0000000100000000)
  region size 1024K, 2 young (2048K), 2 survivors (2048K)
}
Event: 9.558 {heap Before GC invocations=22 (full 0):
 garbage-first heap   total reserved 2031616K, committed 149504K, used 111631K [0x0000000084000000, 0x0000000100000000)
  region size 1024K, 55 young (56320K), 2 survivors (2048K)
}
Event: 9.580 {heap After GC invocations=23 (full 0):
 garbage-first heap   total reserved 2031616K, committed 149504K, used 74752K [0x0000000084000000, 0x0000000100000000)
  region size 1024K, 7 young (7168K), 7 survivors (7168K)
}
Event: 9.707 {heap Before GC invocations=23 (full 0):
 garbage-first heap   total reserved 2031616K, committed 149504K, used 120832K [0x0000000084000000, 0x0000000100000000)
  region size 1024K, 51 young (52224K), 7 survivors (7168K)
}
Event: 9.733 {heap After GC invocations=24 (full 0):
 garbage-first heap   total reserved 2031616K, committed 149504K, used 78336K [0x0000000084000000, 0x0000000100000000)
  region size 1024K, 7 young (7168K), 7 survivors (7168K)
}
Event: 9.748 {heap Before GC invocations=24 (full 0):
 garbage-first heap   total reserved 2031616K, committed 149504K, used 79360K [0x0000000084000000, 0x0000000100000000)
  region size 1024K, 9 young (9216K), 7 survivors (7168K)
}
Event: 9.758 {heap After GC invocations=25 (full 0):
 garbage-first heap   total reserved 2031616K, committed 149504K, used 81229K [0x0000000084000000, 0x0000000100000000)
  region size 1024K, 2 young (2048K), 2 survivors (2048K)
}
Event: 10.121 {heap Before GC invocations=26 (full 0):
 garbage-first heap   total reserved 2031616K, committed 149504K, used 119117K [0x0000000084000000, 0x0000000100000000)
  region size 1024K, 37 young (37888K), 2 survivors (2048K)
}
Event: 10.133 {heap After GC invocations=27 (full 0):
 garbage-first heap   total reserved 2031616K, committed 149504K, used 92046K [0x0000000084000000, 0x0000000100000000)
  region size 1024K, 5 young (5120K), 5 survivors (5120K)
}
Event: 10.212 {heap Before GC invocations=27 (full 0):
 garbage-first heap   total reserved 2031616K, committed 149504K, used 123790K [0x0000000084000000, 0x0000000100000000)
  region size 1024K, 36 young (36864K), 5 survivors (5120K)
}

