# JRE version: OpenJDK Runtime Environment Temurin-17.0.16+8 (17.0.16+8) (build 17.0.16+8)
# Java VM: OpenJDK 64-Bit Server VM Temurin-17.0.16+8 (17.0.16+8, mixed mode, sharing, tiered, compressed oops, compressed class ptrs, g1 gc, windows-amd64)
GC Precious Log:
 CPUs: 4 total, 4 available
 Memory: 7934M
 Large Page Support: Disabled
 NUMA Support: Disabled
 Compressed Oops: Enabled (32-bit)
 Heap Region Size: 1M
 Heap Min Capacity: 8M
 Heap Initial Capacity: 124M
 Heap Max Capacity: 1984M
 Pre-touch: Disabled
 Parallel Workers: 4
 Concurrent Workers: 1
 Concurrent Refinement Workers: 4
 Periodic GC: Disabled
Heap:
 garbage-first heap   total 189440K, used 98214K [0x0000000084000000, 0x0000000100000000)
  region size 1024K, 4 young (4096K), 4 survivors (4096K)
 Metaspace       used 73297K, committed 73920K, reserved 1114112K
  class space    used 10408K, committed 10688K, reserved 1048576K
GC Heap History (20 events):
Event: 9.735 GC heap after
{Heap after GC invocations=21 (full 0):
 garbage-first heap   total 86016K, used 31343K [0x0000000084000000, 0x0000000100000000)
  region size 1024K, 3 young (3072K), 3 survivors (3072K)
 Metaspace       used 69311K, committed 69888K, reserved 1114112K
  class space    used 9521K, committed 9792K, reserved 1048576K
}
Event: 10.443 GC heap before
{Heap before GC invocations=22 (full 0):
 garbage-first heap   total 86016K, used 69231K [0x0000000084000000, 0x0000000100000000)
  region size 1024K, 40 young (40960K), 3 survivors (3072K)
 Metaspace       used 71472K, committed 72064K, reserved 1114112K
  class space    used 10028K, committed 10304K, reserved 1048576K
}
Event: 10.454 GC heap after
{Heap after GC invocations=23 (full 0):
 garbage-first heap   total 86016K, used 36789K [0x0000000084000000, 0x0000000100000000)
  region size 1024K, 5 young (5120K), 5 survivors (5120K)
 Metaspace       used 71472K, committed 72064K, reserved 1114112K
  class space    used 10028K, committed 10304K, reserved 1048576K
}
Event: 10.871 GC heap before
{Heap before GC invocations=23 (full 0):
 garbage-first heap   total 86016K, used 67509K [0x0000000084000000, 0x0000000100000000)
  region size 1024K, 35 young (35840K), 5 survivors (5120K)
 Metaspace       used 71482K, committed 72128K, reserved 1114112K
  class space    used 10028K, committed 10304K, reserved 1048576K
}
Event: 10.882 GC heap after
{Heap after GC invocations=24 (full 0):
 garbage-first heap   total 86016K, used 46481K [0x0000000084000000, 0x0000000100000000)
  region size 1024K, 5 young (5120K), 5 survivors (5120K)
 Metaspace       used 71482K, committed 72128K, reserved 1114112K
  class space    used 10028K, committed 10304K, reserved 1048576K
}
Event: 11.097 GC heap before
{Heap before GC invocations=24 (full 0):
 garbage-first heap   total 86016K, used 57745K [0x0000000084000000, 0x0000000100000000)
  region size 1024K, 17 young (17408K), 5 survivors (5120K)
 Metaspace       used 71483K, committed 72128K, reserved 1114112K
  class space    used 10028K, committed 10304K, reserved 1048576K
}
Event: 11.108 GC heap after
{Heap after GC invocations=25 (full 0):
 garbage-first heap   total 86016K, used 51200K [0x0000000084000000, 0x0000000100000000)
  region size 1024K, 3 young (3072K), 3 survivors (3072K)
 Metaspace       used 71483K, committed 72128K, reserved 1114112K
  class space    used 10028K, committed 10304K, reserved 1048576K
}
Event: 11.286 GC heap before
{Heap before GC invocations=26 (full 0):
 garbage-first heap   total 89088K, used 66560K [0x0000000084000000, 0x0000000100000000)
  region size 1024K, 17 young (17408K), 3 survivors (3072K)
 Metaspace       used 71484K, committed 72128K, reserved 1114112K
  class space    used 10028K, committed 10304K, reserved 1048576K
}
Event: 11.292 GC heap after
{Heap after GC invocations=27 (full 0):
 garbage-first heap   total 89088K, used 55600K [0x0000000084000000, 0x0000000100000000)
  region size 1024K, 3 young (3072K), 3 survivors (3072K)
 Metaspace       used 71484K, committed 72128K, reserved 1114112K
  class space    used 10028K, committed 10304K, reserved 1048576K
}
Event: 11.375 GC heap before
{Heap before GC invocations=27 (full 0):
 garbage-first heap   total 89088K, used 68912K [0x0000000084000000, 0x0000000100000000)
  region size 1024K, 16 young (16384K), 3 survivors (3072K)
 Metaspace       used 71498K, committed 72128K, reserved 1114112K
  class space    used 10030K, committed 10304K, reserved 1048576K
}
Event: 11.381 GC heap after
{Heap after GC invocations=28 (full 0):
 garbage-first heap   total 173056K, used 55692K [0x0000000084000000, 0x0000000100000000)
  region size 1024K, 1 young (1024K), 1 survivors (1024K)
 Metaspace       used 71498K, committed 72128K, reserved 1114112K
  class space    used 10030K, committed 10304K, reserved 1048576K
}
Event: 11.867 GC heap before
{Heap before GC invocations=29 (full 0):
 garbage-first heap   total 173056K, used 118156K [0x0000000084000000, 0x0000000100000000)
  region size 1024K, 64 young (65536K), 1 survivors (1024K)
 Metaspace       used 73276K, committed 73920K, reserved 1114112K
  class space    used 10408K, committed 10688K, reserved 1048576K
}
Event: 11.878 GC heap after
{Heap after GC invocations=30 (full 0):
 garbage-first heap   total 173056K, used 66073K [0x0000000084000000, 0x0000000100000000)
  region size 1024K, 8 young (8192K), 8 survivors (8192K)
 Metaspace       used 73276K, committed 73920K, reserved 1114112K
  class space    used 10408K, committed 10688K, reserved 1048576K
}
Event: 11.975 GC heap before
{Heap before GC invocations=30 (full 0):
 garbage-first heap   total 173056K, used 128537K [0x0000000084000000, 0x0000000100000000)
  region size 1024K, 69 young (70656K), 8 survivors (8192K)
 Metaspace       used 73288K, committed 73920K, reserved 1114112K
  class space    used 10408K, committed 10688K, reserved 1048576K
}
Event: 11.998 GC heap after
{Heap after GC invocations=31 (full 0):
 garbage-first heap   total 173056K, used 82395K [0x0000000084000000, 0x0000000100000000)
  region size 1024K, 9 young (9216K), 9 survivors (9216K)
 Metaspace       used 73288K, committed 73920K, reserved 1114112K
  class space    used 10408K, committed 10688K, reserved 1048576K
}
Event: 12.155 GC heap before
{Heap before GC invocations=31 (full 0):
 garbage-first heap   total 173056K, used 125403K [0x0000000084000000, 0x0000000100000000)
  region size 1024K, 50 young (51200K), 9 survivors (9216K)
 Metaspace       used 73297K, committed 73920K, reserved 1114112K
  class space    used 10408K, committed 10688K, reserved 1048576K
}
Event: 12.177 GC heap after
{Heap after GC invocations=32 (full 0):
 garbage-first heap   total 173056K, used 99840K [0x0000000084000000, 0x0000000100000000)
  region size 1024K, 7 young (7168K), 7 survivors (7168K)
 Metaspace       used 73297K, committed 73920K, reserved 1114112K
  class space    used 10408K, committed 10688K, reserved 1048576K
}
Event: 12.200 GC heap before
{Heap before GC invocations=32 (full 0):
 garbage-first heap   total 173056K, used 109056K [0x0000000084000000, 0x0000000100000000)
  region size 1024K, 17 young (17408K), 7 survivors (7168K)
 Metaspace       used 73297K, committed 73920K, reserved 1114112K
  class space    used 10408K, committed 10688K, reserved 1048576K
}
Event: 12.210 GC heap after
{Heap after GC invocations=33 (full 0):
 garbage-first heap   total 173056K, used 105984K [0x0000000084000000, 0x0000000100000000)
  region size 1024K, 5 young (5120K), 5 survivors (5120K)
 Metaspace       used 73297K, committed 73920K, reserved 1114112K
  class space    used 10408K, committed 10688K, reserved 1048576K
}
Event: 12.354 GC heap before
{Heap before GC invocations=33 (full 0):
 garbage-first heap   total 189440K, used 116224K [0x0000000084000000, 0x0000000100000000)
  region size 1024K, 30 young (30720K), 5 survivors (5120K)
 Metaspace       used 73297K, committed 73920K, reserved 1114112K
  class space    used 10408K, committed 10688K, reserved 1048576K
}

